Build started 17.02.2015 16:16:08.
     1>Project "D:\zarplata\zarplata\zarplata.vcxproj" on node 2 (build target(s)).
     1>InitializeBuildStatus:
         Creating "Debug\zarplata.unsuccessfulbuild" because "AlwaysCreate" was specified.
       GenerateTargetFrameworkMonikerAttribute:
       Skipping target "GenerateTargetFrameworkMonikerAttribute" because all output files are up-to-date with respect to the input files.
       ClCompile:
         All outputs are up-to-date.
         C:\Program Files (x86)\Microsoft Visual Studio 10.0\VC\bin\CL.exe /c /AI"C:\Program Files (x86)\Reference Assemblies\Microsoft\Framework\.NETFramework\v4.0" /Zi /clr:pure /nologo /W3 /WX- /Od /Oy- /D WIN32 /D _DEBUG /D _UNICODE /D UNICODE /EHa /MDd /GS /fp:precise /Zc:wchar_t /Zc:forScope /Yu"StdAfx.h" /Fp"Debug\zarplata.pch" /Fo"Debug\\" /Fd"Debug\vc100.pdb" /TP /FU"C:\Program Files (x86)\Reference Assemblies\Microsoft\Framework\.NETFramework\v4.0\System.Core.dll" /FU"C:\Program Files (x86)\Reference Assemblies\Microsoft\Framework\.NETFramework\v4.0\System.Data.dll" /FU"C:\Program Files (x86)\Reference Assemblies\Microsoft\Framework\.NETFramework\v4.0\System.dll" /FU"C:\Program Files (x86)\Reference Assemblies\Microsoft\Framework\.NETFramework\v4.0\System.Drawing.dll" /FU"C:\Program Files (x86)\Reference Assemblies\Microsoft\Framework\.NETFramework\v4.0\System.Windows.Forms.dll" /FU"C:\Program Files (x86)\Reference Assemblies\Microsoft\Framework\.NETFramework\v4.0\System.Xml.dll" /analyze- /errorReport:prompt zarplata.cpp /clr:nostdlib 
         zarplata.cpp
     1>d:\zarplata\zarplata\Form1.h(190): warning C4244: '=' : conversion from 'double' to 'float', possible loss of data
     1>d:\zarplata\zarplata\Form1.h(191): warning C4244: '=' : conversion from 'double' to 'float', possible loss of data
     1>d:\zarplata\zarplata\Form1.h(192): warning C4244: '=' : conversion from 'double' to 'float', possible loss of data
     1>d:\zarplata\zarplata\Form1.h(197): warning C4244: '=' : conversion from 'double' to 'float', possible loss of data
     1>d:\zarplata\zarplata\Form1.h(199): warning C4244: '=' : conversion from 'double' to 'float', possible loss of data
     1>d:\zarplata\zarplata\Form1.h(200): warning C4244: '=' : conversion from 'double' to 'float', possible loss of data
     1>d:\zarplata\zarplata\Form1.h(201): warning C4244: '=' : conversion from 'double' to 'float', possible loss of data
         All outputs are up-to-date.
       CoreResGen:
         No resources are out of date with respect to their source files. Skipping resource generation.
       ResourceCompile:
         All outputs are up-to-date.
       Link:
         C:\Program Files (x86)\Microsoft Visual Studio 10.0\VC\bin\link.exe /ERRORREPORT:PROMPT /OUT:"D:\zarplata\Debug\zarplata.exe" /INCREMENTAL /NOLOGO /ASSEMBLYRESOURCE:Debug\zarplata.Form1.resources /MANIFEST /ManifestFile:"Debug\zarplata.exe.intermediate.manifest" /MANIFESTUAC:"level='asInvoker' uiAccess='false'" /DEBUG /PDB:"D:\zarplata\Debug\zarplata.pdb" /ASSEMBLYDEBUG /SUBSYSTEM:WINDOWS /TLBID:1 /ENTRY:"main" /DYNAMICBASE /FIXED:NO /NXCOMPAT /MACHINE:X86 Debug\app.res
         Debug\AssemblyInfo.obj
         Debug\stdafx.obj
         Debug\zarplata.obj
         "Debug\.NETFramework,Version=v4.0.AssemblyAttributes.obj"
         zarplata.vcxproj -> D:\zarplata\Debug\zarplata.exe
       Manifest:
         C:\Program Files (x86)\Microsoft SDKs\Windows\v7.0A\bin\mt.exe /nologo /verbose /outputresource:"D:\zarplata\Debug\zarplata.exe;#1" /manifest Debug\zarplata.exe.intermediate.manifest
       FinalizeBuildStatus:
         Deleting file "Debug\zarplata.unsuccessfulbuild".
         Touching "Debug\zarplata.lastbuildstate".
     1>Done Building Project "D:\zarplata\zarplata\zarplata.vcxproj" (build target(s)).

Build succeeded.

Time Elapsed 00:00:09.21
